[http-listener-1(4)] 2015-08-03 18:06:57,754 - org.hibernate.annotations.common.Version - INFO - HCANN000001: Hibernate Commons Annotations {4.0.4.Final}
[http-listener-1(4)] 2015-08-03 18:06:57,793 - org.hibernate.Version - INFO - HHH000412: Hibernate Core {4.3.1.Final}
[http-listener-1(4)] 2015-08-03 18:06:57,803 - org.hibernate.cfg.Environment - INFO - HHH000206: hibernate.properties not found
[http-listener-1(4)] 2015-08-03 18:06:57,809 - org.hibernate.cfg.Environment - INFO - HHH000021: Bytecode provider name : javassist
[http-listener-1(4)] 2015-08-03 18:06:57,902 - org.hibernate.cfg.Configuration - INFO - HHH000043: Configuring from resource: /hibernate.cfg.xml
[http-listener-1(4)] 2015-08-03 18:06:57,903 - org.hibernate.cfg.Configuration - INFO - HHH000040: Configuration resource: /hibernate.cfg.xml
[http-listener-1(4)] 2015-08-03 18:06:57,984 - org.hibernate.internal.util.xml.DTDEntityResolver - WARN - HHH000223: Recognized obsolete hibernate namespace http://hibernate.sourceforge.net/. Use namespace http://www.hibernate.org/dtd/ instead. Refer to Hibernate 3.6 Migration Guide!
[http-listener-1(4)] 2015-08-03 18:06:58,025 - org.hibernate.cfg.Configuration - INFO - HHH000221: Reading mappings from resource: GPStreet/DB/Mapping/Entity/GpstGroups.hbm.xml
[http-listener-1(4)] 2015-08-03 18:06:58,104 - org.hibernate.cfg.Configuration - INFO - HHH000221: Reading mappings from resource: GPStreet/DB/Mapping/Entity/GpstPages.hbm.xml
[http-listener-1(4)] 2015-08-03 18:06:58,118 - org.hibernate.cfg.Configuration - INFO - HHH000221: Reading mappings from resource: GPStreet/DB/Mapping/Entity/GpstUsers.hbm.xml
[http-listener-1(4)] 2015-08-03 18:06:58,136 - org.hibernate.cfg.Configuration - INFO - HHH000041: Configured SessionFactory: null
[http-listener-1(4)] 2015-08-03 18:06:58,493 - org.hibernate.engine.jdbc.connections.internal.DriverManagerConnectionProviderImpl - WARN - HHH000402: Using Hibernate built-in connection pool (not for production use!)
[http-listener-1(4)] 2015-08-03 18:06:58,509 - org.hibernate.engine.jdbc.connections.internal.DriverManagerConnectionProviderImpl - INFO - HHH000401: using driver [com.mysql.jdbc.Driver] at URL [jdbc:mysql://localhost:3306/gpstreet?useUnicode=yes&characterEncoding=UTF-8]
[http-listener-1(4)] 2015-08-03 18:06:58,509 - org.hibernate.engine.jdbc.connections.internal.DriverManagerConnectionProviderImpl - INFO - HHH000046: Connection properties: {user=root, password=****}
[http-listener-1(4)] 2015-08-03 18:06:58,510 - org.hibernate.engine.jdbc.connections.internal.DriverManagerConnectionProviderImpl - INFO - HHH000006: Autocommit mode: false
[http-listener-1(4)] 2015-08-03 18:06:58,516 - org.hibernate.engine.jdbc.connections.internal.DriverManagerConnectionProviderImpl - INFO - HHH000115: Hibernate connection pool size: 20 (min=1)
[http-listener-1(4)] 2015-08-03 18:06:59,141 - org.hibernate.dialect.Dialect - INFO - HHH000400: Using dialect: org.hibernate.dialect.MySQLDialect
[http-listener-1(4)] 2015-08-03 18:06:59,486 - org.hibernate.engine.transaction.internal.TransactionFactoryInitiator - INFO - HHH000399: Using default transaction strategy (direct JDBC transactions)
[http-listener-1(4)] 2015-08-03 18:06:59,514 - org.hibernate.hql.internal.ast.ASTQueryTranslatorFactory - INFO - HHH000397: Using ASTQueryTranslatorFactory
[http-listener-1(4)] 2015-08-03 18:07:01,230 - org.hibernate.hql.internal.ast.HqlSqlWalker - WARN - [DEPRECATION] Encountered positional parameter near line 1, column 59.  Positional parameter are considered deprecated; use named parameters or JPA-style positional parameters instead.
[http-listener-1(4)] 2015-08-03 18:07:01,237 - org.hibernate.hql.internal.ast.HqlSqlWalker - WARN - [DEPRECATION] Encountered positional parameter near line 1, column 76.  Positional parameter are considered deprecated; use named parameters or JPA-style positional parameters instead.
[http-listener-1(1)] 2015-08-03 18:07:06,160 - org.hibernate.hql.internal.ast.HqlSqlWalker - WARN - [DEPRECATION] Encountered positional parameter near line 1, column 62.  Positional parameter are considered deprecated; use named parameters or JPA-style positional parameters instead.
[http-listener-1(1)] 2015-08-03 18:07:06,162 - org.hibernate.hql.internal.ast.HqlSqlWalker - WARN - [DEPRECATION] Encountered positional parameter near line 1, column 71.  Positional parameter are considered deprecated; use named parameters or JPA-style positional parameters instead.
[http-listener-1(1)] 2015-08-03 18:38:35,591 - org.hibernate.annotations.common.Version - INFO - HCANN000001: Hibernate Commons Annotations {4.0.4.Final}
[http-listener-1(1)] 2015-08-03 18:38:35,676 - org.hibernate.Version - INFO - HHH000412: Hibernate Core {4.3.1.Final}
[http-listener-1(1)] 2015-08-03 18:38:35,688 - org.hibernate.cfg.Environment - INFO - HHH000206: hibernate.properties not found
[http-listener-1(1)] 2015-08-03 18:38:35,694 - org.hibernate.cfg.Environment - INFO - HHH000021: Bytecode provider name : javassist
[http-listener-1(1)] 2015-08-03 18:38:35,872 - org.hibernate.cfg.Configuration - INFO - HHH000043: Configuring from resource: /hibernate.cfg.xml
[http-listener-1(1)] 2015-08-03 18:38:35,876 - org.hibernate.cfg.Configuration - INFO - HHH000040: Configuration resource: /hibernate.cfg.xml
[http-listener-1(1)] 2015-08-03 18:38:36,059 - org.hibernate.internal.util.xml.DTDEntityResolver - WARN - HHH000223: Recognized obsolete hibernate namespace http://hibernate.sourceforge.net/. Use namespace http://www.hibernate.org/dtd/ instead. Refer to Hibernate 3.6 Migration Guide!
[http-listener-1(1)] 2015-08-03 18:38:36,112 - org.hibernate.cfg.Configuration - INFO - HHH000221: Reading mappings from resource: GPStreet/DB/Mapping/Entity/GpstGroups.hbm.xml
[http-listener-1(1)] 2015-08-03 18:38:36,288 - org.hibernate.cfg.Configuration - INFO - HHH000221: Reading mappings from resource: GPStreet/DB/Mapping/Entity/GpstPages.hbm.xml
[http-listener-1(1)] 2015-08-03 18:38:36,300 - org.hibernate.cfg.Configuration - INFO - HHH000221: Reading mappings from resource: GPStreet/DB/Mapping/Entity/GpstUsers.hbm.xml
[http-listener-1(1)] 2015-08-03 18:38:36,316 - org.hibernate.cfg.Configuration - INFO - HHH000041: Configured SessionFactory: null
[http-listener-1(1)] 2015-08-03 18:38:36,722 - org.hibernate.engine.jdbc.connections.internal.DriverManagerConnectionProviderImpl - WARN - HHH000402: Using Hibernate built-in connection pool (not for production use!)
[http-listener-1(1)] 2015-08-03 18:38:36,739 - org.hibernate.engine.jdbc.connections.internal.DriverManagerConnectionProviderImpl - INFO - HHH000401: using driver [com.mysql.jdbc.Driver] at URL [jdbc:mysql://localhost:3306/gpstreet?useUnicode=yes&characterEncoding=UTF-8]
[http-listener-1(1)] 2015-08-03 18:38:36,740 - org.hibernate.engine.jdbc.connections.internal.DriverManagerConnectionProviderImpl - INFO - HHH000046: Connection properties: {user=root, password=****}
[http-listener-1(1)] 2015-08-03 18:38:36,741 - org.hibernate.engine.jdbc.connections.internal.DriverManagerConnectionProviderImpl - INFO - HHH000006: Autocommit mode: false
[http-listener-1(1)] 2015-08-03 18:38:36,747 - org.hibernate.engine.jdbc.connections.internal.DriverManagerConnectionProviderImpl - INFO - HHH000115: Hibernate connection pool size: 20 (min=1)
[http-listener-1(1)] 2015-08-03 18:38:37,398 - org.hibernate.dialect.Dialect - INFO - HHH000400: Using dialect: org.hibernate.dialect.MySQLDialect
[http-listener-1(1)] 2015-08-03 18:38:37,758 - org.hibernate.engine.transaction.internal.TransactionFactoryInitiator - INFO - HHH000399: Using default transaction strategy (direct JDBC transactions)
[http-listener-1(1)] 2015-08-03 18:38:37,786 - org.hibernate.hql.internal.ast.ASTQueryTranslatorFactory - INFO - HHH000397: Using ASTQueryTranslatorFactory
[http-listener-1(1)] 2015-08-03 18:38:39,508 - org.hibernate.hql.internal.ast.HqlSqlWalker - WARN - [DEPRECATION] Encountered positional parameter near line 1, column 59.  Positional parameter are considered deprecated; use named parameters or JPA-style positional parameters instead.
[http-listener-1(1)] 2015-08-03 18:38:39,515 - org.hibernate.hql.internal.ast.HqlSqlWalker - WARN - [DEPRECATION] Encountered positional parameter near line 1, column 76.  Positional parameter are considered deprecated; use named parameters or JPA-style positional parameters instead.
[http-listener-1(5)] 2015-08-03 18:47:26,138 - org.hibernate.annotations.common.Version - INFO - HCANN000001: Hibernate Commons Annotations {4.0.4.Final}
[http-listener-1(5)] 2015-08-03 18:47:26,202 - org.hibernate.Version - INFO - HHH000412: Hibernate Core {4.3.1.Final}
[http-listener-1(5)] 2015-08-03 18:47:26,209 - org.hibernate.cfg.Environment - INFO - HHH000206: hibernate.properties not found
[http-listener-1(5)] 2015-08-03 18:47:26,216 - org.hibernate.cfg.Environment - INFO - HHH000021: Bytecode provider name : javassist
[http-listener-1(5)] 2015-08-03 18:47:26,323 - org.hibernate.cfg.Configuration - INFO - HHH000043: Configuring from resource: /hibernate.cfg.xml
[http-listener-1(5)] 2015-08-03 18:47:26,330 - org.hibernate.cfg.Configuration - INFO - HHH000040: Configuration resource: /hibernate.cfg.xml
[http-listener-1(5)] 2015-08-03 18:47:26,409 - org.hibernate.internal.util.xml.DTDEntityResolver - WARN - HHH000223: Recognized obsolete hibernate namespace http://hibernate.sourceforge.net/. Use namespace http://www.hibernate.org/dtd/ instead. Refer to Hibernate 3.6 Migration Guide!
[http-listener-1(5)] 2015-08-03 18:47:26,489 - org.hibernate.cfg.Configuration - INFO - HHH000221: Reading mappings from resource: GPStreet/DB/Mapping/Entity/GpstGroups.hbm.xml
[http-listener-1(5)] 2015-08-03 18:47:26,529 - org.hibernate.cfg.Configuration - INFO - HHH000221: Reading mappings from resource: GPStreet/DB/Mapping/Entity/GpstPages.hbm.xml
[http-listener-1(5)] 2015-08-03 18:47:26,555 - org.hibernate.cfg.Configuration - INFO - HHH000221: Reading mappings from resource: GPStreet/DB/Mapping/Entity/GpstUsers.hbm.xml
[http-listener-1(5)] 2015-08-03 18:47:26,586 - org.hibernate.cfg.Configuration - INFO - HHH000041: Configured SessionFactory: null
[http-listener-1(5)] 2015-08-03 18:47:26,949 - org.hibernate.engine.jdbc.connections.internal.DriverManagerConnectionProviderImpl - WARN - HHH000402: Using Hibernate built-in connection pool (not for production use!)
[http-listener-1(5)] 2015-08-03 18:47:26,961 - org.hibernate.engine.jdbc.connections.internal.DriverManagerConnectionProviderImpl - INFO - HHH000401: using driver [com.mysql.jdbc.Driver] at URL [jdbc:mysql://localhost:3306/gpstreet?useUnicode=yes&characterEncoding=UTF-8]
[http-listener-1(5)] 2015-08-03 18:47:26,962 - org.hibernate.engine.jdbc.connections.internal.DriverManagerConnectionProviderImpl - INFO - HHH000046: Connection properties: {user=root, password=****}
[http-listener-1(5)] 2015-08-03 18:47:26,962 - org.hibernate.engine.jdbc.connections.internal.DriverManagerConnectionProviderImpl - INFO - HHH000006: Autocommit mode: false
[http-listener-1(5)] 2015-08-03 18:47:26,969 - org.hibernate.engine.jdbc.connections.internal.DriverManagerConnectionProviderImpl - INFO - HHH000115: Hibernate connection pool size: 20 (min=1)
[http-listener-1(5)] 2015-08-03 18:47:27,527 - org.hibernate.dialect.Dialect - INFO - HHH000400: Using dialect: org.hibernate.dialect.MySQLDialect
[http-listener-1(5)] 2015-08-03 18:47:27,815 - org.hibernate.engine.transaction.internal.TransactionFactoryInitiator - INFO - HHH000399: Using default transaction strategy (direct JDBC transactions)
[http-listener-1(5)] 2015-08-03 18:47:27,838 - org.hibernate.hql.internal.ast.ASTQueryTranslatorFactory - INFO - HHH000397: Using ASTQueryTranslatorFactory
[http-listener-1(5)] 2015-08-03 18:47:29,583 - org.hibernate.hql.internal.ast.HqlSqlWalker - WARN - [DEPRECATION] Encountered positional parameter near line 1, column 59.  Positional parameter are considered deprecated; use named parameters or JPA-style positional parameters instead.
[http-listener-1(5)] 2015-08-03 18:47:29,590 - org.hibernate.hql.internal.ast.HqlSqlWalker - WARN - [DEPRECATION] Encountered positional parameter near line 1, column 76.  Positional parameter are considered deprecated; use named parameters or JPA-style positional parameters instead.
[http-listener-1(3)] 2015-08-03 19:03:43,821 - org.hibernate.annotations.common.Version - INFO - HCANN000001: Hibernate Commons Annotations {4.0.4.Final}
[http-listener-1(3)] 2015-08-03 19:03:43,921 - org.hibernate.Version - INFO - HHH000412: Hibernate Core {4.3.1.Final}
[http-listener-1(3)] 2015-08-03 19:03:43,938 - org.hibernate.cfg.Environment - INFO - HHH000206: hibernate.properties not found
[http-listener-1(3)] 2015-08-03 19:03:43,943 - org.hibernate.cfg.Environment - INFO - HHH000021: Bytecode provider name : javassist
[http-listener-1(3)] 2015-08-03 19:03:44,035 - org.hibernate.cfg.Configuration - INFO - HHH000043: Configuring from resource: /hibernate.cfg.xml
[http-listener-1(3)] 2015-08-03 19:03:44,036 - org.hibernate.cfg.Configuration - INFO - HHH000040: Configuration resource: /hibernate.cfg.xml
[http-listener-1(3)] 2015-08-03 19:03:44,124 - org.hibernate.internal.util.xml.DTDEntityResolver - WARN - HHH000223: Recognized obsolete hibernate namespace http://hibernate.sourceforge.net/. Use namespace http://www.hibernate.org/dtd/ instead. Refer to Hibernate 3.6 Migration Guide!
[http-listener-1(3)] 2015-08-03 19:03:44,172 - org.hibernate.cfg.Configuration - INFO - HHH000221: Reading mappings from resource: GPStreet/DB/Mapping/Entity/GpstGroups.hbm.xml
[http-listener-1(3)] 2015-08-03 19:03:44,243 - org.hibernate.cfg.Configuration - INFO - HHH000221: Reading mappings from resource: GPStreet/DB/Mapping/Entity/GpstPages.hbm.xml
[http-listener-1(3)] 2015-08-03 19:03:44,265 - org.hibernate.cfg.Configuration - INFO - HHH000221: Reading mappings from resource: GPStreet/DB/Mapping/Entity/GpstUsers.hbm.xml
[http-listener-1(3)] 2015-08-03 19:03:44,275 - org.hibernate.cfg.Configuration - INFO - HHH000041: Configured SessionFactory: null
[http-listener-1(3)] 2015-08-03 19:03:44,827 - org.hibernate.engine.jdbc.connections.internal.DriverManagerConnectionProviderImpl - WARN - HHH000402: Using Hibernate built-in connection pool (not for production use!)
[http-listener-1(3)] 2015-08-03 19:03:44,847 - org.hibernate.engine.jdbc.connections.internal.DriverManagerConnectionProviderImpl - INFO - HHH000401: using driver [com.mysql.jdbc.Driver] at URL [jdbc:mysql://localhost:3306/gpstreet?useUnicode=yes&characterEncoding=UTF-8]
[http-listener-1(3)] 2015-08-03 19:03:44,848 - org.hibernate.engine.jdbc.connections.internal.DriverManagerConnectionProviderImpl - INFO - HHH000046: Connection properties: {user=root, password=****}
[http-listener-1(3)] 2015-08-03 19:03:44,848 - org.hibernate.engine.jdbc.connections.internal.DriverManagerConnectionProviderImpl - INFO - HHH000006: Autocommit mode: false
[http-listener-1(3)] 2015-08-03 19:03:44,854 - org.hibernate.engine.jdbc.connections.internal.DriverManagerConnectionProviderImpl - INFO - HHH000115: Hibernate connection pool size: 20 (min=1)
[http-listener-1(3)] 2015-08-03 19:03:45,443 - org.hibernate.dialect.Dialect - INFO - HHH000400: Using dialect: org.hibernate.dialect.MySQLDialect
[http-listener-1(3)] 2015-08-03 19:03:45,826 - org.hibernate.engine.transaction.internal.TransactionFactoryInitiator - INFO - HHH000399: Using default transaction strategy (direct JDBC transactions)
[http-listener-1(3)] 2015-08-03 19:03:45,857 - org.hibernate.hql.internal.ast.ASTQueryTranslatorFactory - INFO - HHH000397: Using ASTQueryTranslatorFactory
[http-listener-1(3)] 2015-08-03 19:03:47,833 - org.hibernate.hql.internal.ast.HqlSqlWalker - WARN - [DEPRECATION] Encountered positional parameter near line 1, column 59.  Positional parameter are considered deprecated; use named parameters or JPA-style positional parameters instead.
[http-listener-1(3)] 2015-08-03 19:03:47,840 - org.hibernate.hql.internal.ast.HqlSqlWalker - WARN - [DEPRECATION] Encountered positional parameter near line 1, column 76.  Positional parameter are considered deprecated; use named parameters or JPA-style positional parameters instead.
[http-listener-1(3)] 2015-08-04 12:48:42,558 - org.hibernate.annotations.common.Version - INFO - HCANN000001: Hibernate Commons Annotations {4.0.4.Final}
[http-listener-1(3)] 2015-08-04 12:48:42,663 - org.hibernate.Version - INFO - HHH000412: Hibernate Core {4.3.1.Final}
[http-listener-1(3)] 2015-08-04 12:48:42,670 - org.hibernate.cfg.Environment - INFO - HHH000206: hibernate.properties not found
[http-listener-1(3)] 2015-08-04 12:48:42,677 - org.hibernate.cfg.Environment - INFO - HHH000021: Bytecode provider name : javassist
[http-listener-1(3)] 2015-08-04 12:48:42,768 - org.hibernate.cfg.Configuration - INFO - HHH000043: Configuring from resource: /hibernate.cfg.xml
[http-listener-1(3)] 2015-08-04 12:48:42,768 - org.hibernate.cfg.Configuration - INFO - HHH000040: Configuration resource: /hibernate.cfg.xml
[http-listener-1(3)] 2015-08-04 12:48:42,869 - org.hibernate.internal.util.xml.DTDEntityResolver - WARN - HHH000223: Recognized obsolete hibernate namespace http://hibernate.sourceforge.net/. Use namespace http://www.hibernate.org/dtd/ instead. Refer to Hibernate 3.6 Migration Guide!
[http-listener-1(3)] 2015-08-04 12:48:42,911 - org.hibernate.cfg.Configuration - INFO - HHH000221: Reading mappings from resource: GPStreet/DB/Mapping/Entity/GpstGroups.hbm.xml
[http-listener-1(3)] 2015-08-04 12:48:42,954 - org.hibernate.cfg.Configuration - INFO - HHH000221: Reading mappings from resource: GPStreet/DB/Mapping/Entity/GpstPages.hbm.xml
[http-listener-1(3)] 2015-08-04 12:48:42,968 - org.hibernate.cfg.Configuration - INFO - HHH000221: Reading mappings from resource: GPStreet/DB/Mapping/Entity/GpstUsers.hbm.xml
[http-listener-1(3)] 2015-08-04 12:48:42,979 - org.hibernate.cfg.Configuration - INFO - HHH000041: Configured SessionFactory: null
[http-listener-1(3)] 2015-08-04 12:48:43,352 - org.hibernate.engine.jdbc.connections.internal.DriverManagerConnectionProviderImpl - WARN - HHH000402: Using Hibernate built-in connection pool (not for production use!)
[http-listener-1(3)] 2015-08-04 12:48:43,358 - org.hibernate.engine.jdbc.connections.internal.DriverManagerConnectionProviderImpl - INFO - HHH000401: using driver [com.mysql.jdbc.Driver] at URL [jdbc:mysql://localhost:3306/gpstreet?useUnicode=yes&characterEncoding=UTF-8]
[http-listener-1(3)] 2015-08-04 12:48:43,359 - org.hibernate.engine.jdbc.connections.internal.DriverManagerConnectionProviderImpl - INFO - HHH000046: Connection properties: {user=root, password=****}
[http-listener-1(3)] 2015-08-04 12:48:43,359 - org.hibernate.engine.jdbc.connections.internal.DriverManagerConnectionProviderImpl - INFO - HHH000006: Autocommit mode: false
[http-listener-1(3)] 2015-08-04 12:48:43,383 - org.hibernate.engine.jdbc.connections.internal.DriverManagerConnectionProviderImpl - INFO - HHH000115: Hibernate connection pool size: 20 (min=1)
[http-listener-1(3)] 2015-08-04 12:48:43,668 - org.hibernate.dialect.Dialect - INFO - HHH000400: Using dialect: org.hibernate.dialect.MySQLDialect
[http-listener-1(3)] 2015-08-04 12:48:44,297 - org.hibernate.engine.transaction.internal.TransactionFactoryInitiator - INFO - HHH000399: Using default transaction strategy (direct JDBC transactions)
[http-listener-1(3)] 2015-08-04 12:48:44,327 - org.hibernate.hql.internal.ast.ASTQueryTranslatorFactory - INFO - HHH000397: Using ASTQueryTranslatorFactory
[http-listener-1(3)] 2015-08-04 12:48:46,131 - org.hibernate.hql.internal.ast.HqlSqlWalker - WARN - [DEPRECATION] Encountered positional parameter near line 1, column 59.  Positional parameter are considered deprecated; use named parameters or JPA-style positional parameters instead.
[http-listener-1(3)] 2015-08-04 12:48:46,139 - org.hibernate.hql.internal.ast.HqlSqlWalker - WARN - [DEPRECATION] Encountered positional parameter near line 1, column 76.  Positional parameter are considered deprecated; use named parameters or JPA-style positional parameters instead.
[http-listener-1(2)] 2015-08-04 12:58:44,262 - org.hibernate.annotations.common.Version - INFO - HCANN000001: Hibernate Commons Annotations {4.0.4.Final}
[http-listener-1(2)] 2015-08-04 12:58:44,293 - org.hibernate.Version - INFO - HHH000412: Hibernate Core {4.3.1.Final}
[http-listener-1(2)] 2015-08-04 12:58:44,307 - org.hibernate.cfg.Environment - INFO - HHH000206: hibernate.properties not found
[http-listener-1(2)] 2015-08-04 12:58:44,312 - org.hibernate.cfg.Environment - INFO - HHH000021: Bytecode provider name : javassist
[http-listener-1(2)] 2015-08-04 12:58:44,394 - org.hibernate.cfg.Configuration - INFO - HHH000043: Configuring from resource: /hibernate.cfg.xml
[http-listener-1(2)] 2015-08-04 12:58:44,394 - org.hibernate.cfg.Configuration - INFO - HHH000040: Configuration resource: /hibernate.cfg.xml
[http-listener-1(2)] 2015-08-04 12:58:44,460 - org.hibernate.internal.util.xml.DTDEntityResolver - WARN - HHH000223: Recognized obsolete hibernate namespace http://hibernate.sourceforge.net/. Use namespace http://www.hibernate.org/dtd/ instead. Refer to Hibernate 3.6 Migration Guide!
[http-listener-1(2)] 2015-08-04 12:58:44,497 - org.hibernate.cfg.Configuration - INFO - HHH000221: Reading mappings from resource: GPStreet/DB/Mapping/Entity/GpstGroups.hbm.xml
[http-listener-1(2)] 2015-08-04 12:58:44,537 - org.hibernate.cfg.Configuration - INFO - HHH000221: Reading mappings from resource: GPStreet/DB/Mapping/Entity/GpstPages.hbm.xml
[http-listener-1(2)] 2015-08-04 12:58:44,549 - org.hibernate.cfg.Configuration - INFO - HHH000221: Reading mappings from resource: GPStreet/DB/Mapping/Entity/GpstUsers.hbm.xml
[http-listener-1(2)] 2015-08-04 12:58:44,577 - org.hibernate.cfg.Configuration - INFO - HHH000041: Configured SessionFactory: null
[http-listener-1(2)] 2015-08-04 12:58:44,941 - org.hibernate.engine.jdbc.connections.internal.DriverManagerConnectionProviderImpl - WARN - HHH000402: Using Hibernate built-in connection pool (not for production use!)
[http-listener-1(2)] 2015-08-04 12:58:44,945 - org.hibernate.engine.jdbc.connections.internal.DriverManagerConnectionProviderImpl - INFO - HHH000401: using driver [com.mysql.jdbc.Driver] at URL [jdbc:mysql://localhost:3306/gpstreet?useUnicode=yes&characterEncoding=UTF-8]
[http-listener-1(2)] 2015-08-04 12:58:44,946 - org.hibernate.engine.jdbc.connections.internal.DriverManagerConnectionProviderImpl - INFO - HHH000046: Connection properties: {user=root, password=****}
[http-listener-1(2)] 2015-08-04 12:58:44,946 - org.hibernate.engine.jdbc.connections.internal.DriverManagerConnectionProviderImpl - INFO - HHH000006: Autocommit mode: false
[http-listener-1(2)] 2015-08-04 12:58:44,952 - org.hibernate.engine.jdbc.connections.internal.DriverManagerConnectionProviderImpl - INFO - HHH000115: Hibernate connection pool size: 20 (min=1)
[http-listener-1(2)] 2015-08-04 12:58:45,038 - org.hibernate.dialect.Dialect - INFO - HHH000400: Using dialect: org.hibernate.dialect.MySQLDialect
[http-listener-1(2)] 2015-08-04 12:58:45,305 - org.hibernate.engine.transaction.internal.TransactionFactoryInitiator - INFO - HHH000399: Using default transaction strategy (direct JDBC transactions)
[http-listener-1(2)] 2015-08-04 12:58:45,328 - org.hibernate.hql.internal.ast.ASTQueryTranslatorFactory - INFO - HHH000397: Using ASTQueryTranslatorFactory
[http-listener-1(2)] 2015-08-04 12:58:47,112 - org.hibernate.hql.internal.ast.HqlSqlWalker - WARN - [DEPRECATION] Encountered positional parameter near line 1, column 59.  Positional parameter are considered deprecated; use named parameters or JPA-style positional parameters instead.
[http-listener-1(2)] 2015-08-04 12:58:47,118 - org.hibernate.hql.internal.ast.HqlSqlWalker - WARN - [DEPRECATION] Encountered positional parameter near line 1, column 76.  Positional parameter are considered deprecated; use named parameters or JPA-style positional parameters instead.
[http-listener-1(4)] 2015-08-04 13:00:11,666 - org.hibernate.annotations.common.Version - INFO - HCANN000001: Hibernate Commons Annotations {4.0.4.Final}
[http-listener-1(4)] 2015-08-04 13:00:11,711 - org.hibernate.Version - INFO - HHH000412: Hibernate Core {4.3.1.Final}
[http-listener-1(4)] 2015-08-04 13:00:11,718 - org.hibernate.cfg.Environment - INFO - HHH000206: hibernate.properties not found
[http-listener-1(4)] 2015-08-04 13:00:11,724 - org.hibernate.cfg.Environment - INFO - HHH000021: Bytecode provider name : javassist
[http-listener-1(4)] 2015-08-04 13:00:11,813 - org.hibernate.cfg.Configuration - INFO - HHH000043: Configuring from resource: /hibernate.cfg.xml
[http-listener-1(4)] 2015-08-04 13:00:11,814 - org.hibernate.cfg.Configuration - INFO - HHH000040: Configuration resource: /hibernate.cfg.xml
[http-listener-1(4)] 2015-08-04 13:00:11,878 - org.hibernate.internal.util.xml.DTDEntityResolver - WARN - HHH000223: Recognized obsolete hibernate namespace http://hibernate.sourceforge.net/. Use namespace http://www.hibernate.org/dtd/ instead. Refer to Hibernate 3.6 Migration Guide!
[http-listener-1(4)] 2015-08-04 13:00:11,918 - org.hibernate.cfg.Configuration - INFO - HHH000221: Reading mappings from resource: GPStreet/DB/Mapping/Entity/GpstGroups.hbm.xml
[http-listener-1(4)] 2015-08-04 13:00:11,954 - org.hibernate.cfg.Configuration - INFO - HHH000221: Reading mappings from resource: GPStreet/DB/Mapping/Entity/GpstPages.hbm.xml
[http-listener-1(4)] 2015-08-04 13:00:11,987 - org.hibernate.cfg.Configuration - INFO - HHH000221: Reading mappings from resource: GPStreet/DB/Mapping/Entity/GpstUsers.hbm.xml
[http-listener-1(4)] 2015-08-04 13:00:12,002 - org.hibernate.cfg.Configuration - INFO - HHH000041: Configured SessionFactory: null
[http-listener-1(4)] 2015-08-04 13:00:12,367 - org.hibernate.engine.jdbc.connections.internal.DriverManagerConnectionProviderImpl - WARN - HHH000402: Using Hibernate built-in connection pool (not for production use!)
[http-listener-1(4)] 2015-08-04 13:00:12,372 - org.hibernate.engine.jdbc.connections.internal.DriverManagerConnectionProviderImpl - INFO - HHH000401: using driver [com.mysql.jdbc.Driver] at URL [jdbc:mysql://localhost:3306/gpstreet?useUnicode=yes&characterEncoding=UTF-8]
[http-listener-1(4)] 2015-08-04 13:00:12,372 - org.hibernate.engine.jdbc.connections.internal.DriverManagerConnectionProviderImpl - INFO - HHH000046: Connection properties: {user=root, password=****}
[http-listener-1(4)] 2015-08-04 13:00:12,372 - org.hibernate.engine.jdbc.connections.internal.DriverManagerConnectionProviderImpl - INFO - HHH000006: Autocommit mode: false
[http-listener-1(4)] 2015-08-04 13:00:12,378 - org.hibernate.engine.jdbc.connections.internal.DriverManagerConnectionProviderImpl - INFO - HHH000115: Hibernate connection pool size: 20 (min=1)
[http-listener-1(4)] 2015-08-04 13:00:12,465 - org.hibernate.dialect.Dialect - INFO - HHH000400: Using dialect: org.hibernate.dialect.MySQLDialect
[http-listener-1(4)] 2015-08-04 13:00:12,746 - org.hibernate.engine.transaction.internal.TransactionFactoryInitiator - INFO - HHH000399: Using default transaction strategy (direct JDBC transactions)
[http-listener-1(4)] 2015-08-04 13:00:12,767 - org.hibernate.hql.internal.ast.ASTQueryTranslatorFactory - INFO - HHH000397: Using ASTQueryTranslatorFactory
[http-listener-1(4)] 2015-08-04 13:00:14,643 - org.hibernate.hql.internal.ast.HqlSqlWalker - WARN - [DEPRECATION] Encountered positional parameter near line 1, column 59.  Positional parameter are considered deprecated; use named parameters or JPA-style positional parameters instead.
[http-listener-1(4)] 2015-08-04 13:00:14,648 - org.hibernate.hql.internal.ast.HqlSqlWalker - WARN - [DEPRECATION] Encountered positional parameter near line 1, column 76.  Positional parameter are considered deprecated; use named parameters or JPA-style positional parameters instead.
[http-listener-1(3)] 2015-08-04 13:03:43,261 - org.hibernate.hql.internal.ast.HqlSqlWalker - WARN - [DEPRECATION] Encountered positional parameter near line 1, column 62.  Positional parameter are considered deprecated; use named parameters or JPA-style positional parameters instead.
[http-listener-1(1)] 2015-08-04 13:07:31,025 - org.hibernate.hql.internal.ast.HqlSqlWalker - WARN - [DEPRECATION] Encountered positional parameter near line 1, column 60.  Positional parameter are considered deprecated; use named parameters or JPA-style positional parameters instead.
[http-listener-1(5)] 2015-08-05 14:42:25,487 - org.hibernate.annotations.common.Version - INFO - HCANN000001: Hibernate Commons Annotations {4.0.4.Final}
[http-listener-1(5)] 2015-08-05 14:42:25,596 - org.hibernate.Version - INFO - HHH000412: Hibernate Core {4.3.1.Final}
[http-listener-1(5)] 2015-08-05 14:42:25,604 - org.hibernate.cfg.Environment - INFO - HHH000206: hibernate.properties not found
[http-listener-1(5)] 2015-08-05 14:42:25,610 - org.hibernate.cfg.Environment - INFO - HHH000021: Bytecode provider name : javassist
[http-listener-1(5)] 2015-08-05 14:42:25,690 - org.hibernate.cfg.Configuration - INFO - HHH000043: Configuring from resource: /hibernate.cfg.xml
[http-listener-1(5)] 2015-08-05 14:42:25,691 - org.hibernate.cfg.Configuration - INFO - HHH000040: Configuration resource: /hibernate.cfg.xml
[http-listener-1(5)] 2015-08-05 14:42:25,826 - org.hibernate.internal.util.xml.DTDEntityResolver - WARN - HHH000223: Recognized obsolete hibernate namespace http://hibernate.sourceforge.net/. Use namespace http://www.hibernate.org/dtd/ instead. Refer to Hibernate 3.6 Migration Guide!
[http-listener-1(5)] 2015-08-05 14:42:25,974 - org.hibernate.cfg.Configuration - INFO - HHH000221: Reading mappings from resource: GPStreet/DB/Mapping/Entity/GpstGroups.hbm.xml
[http-listener-1(5)] 2015-08-05 14:42:26,034 - org.hibernate.cfg.Configuration - INFO - HHH000221: Reading mappings from resource: GPStreet/DB/Mapping/Entity/GpstPages.hbm.xml
[http-listener-1(5)] 2015-08-05 14:42:26,058 - org.hibernate.cfg.Configuration - INFO - HHH000221: Reading mappings from resource: GPStreet/DB/Mapping/Entity/GpstUsers.hbm.xml
[http-listener-1(5)] 2015-08-05 14:42:26,099 - org.hibernate.cfg.Configuration - INFO - HHH000041: Configured SessionFactory: null
[http-listener-1(5)] 2015-08-05 14:42:26,467 - org.hibernate.engine.jdbc.connections.internal.DriverManagerConnectionProviderImpl - WARN - HHH000402: Using Hibernate built-in connection pool (not for production use!)
[http-listener-1(5)] 2015-08-05 14:42:26,471 - org.hibernate.engine.jdbc.connections.internal.DriverManagerConnectionProviderImpl - INFO - HHH000401: using driver [com.mysql.jdbc.Driver] at URL [jdbc:mysql://localhost:3306/gpstreet?useUnicode=yes&characterEncoding=UTF-8]
[http-listener-1(5)] 2015-08-05 14:42:26,471 - org.hibernate.engine.jdbc.connections.internal.DriverManagerConnectionProviderImpl - INFO - HHH000046: Connection properties: {user=root, password=****}
[http-listener-1(5)] 2015-08-05 14:42:26,471 - org.hibernate.engine.jdbc.connections.internal.DriverManagerConnectionProviderImpl - INFO - HHH000006: Autocommit mode: false
[http-listener-1(5)] 2015-08-05 14:42:26,479 - org.hibernate.engine.jdbc.connections.internal.DriverManagerConnectionProviderImpl - INFO - HHH000115: Hibernate connection pool size: 20 (min=1)
[http-listener-1(5)] 2015-08-05 14:42:27,989 - org.hibernate.dialect.Dialect - INFO - HHH000400: Using dialect: org.hibernate.dialect.MySQLDialect
[http-listener-1(5)] 2015-08-05 14:42:28,307 - org.hibernate.engine.transaction.internal.TransactionFactoryInitiator - INFO - HHH000399: Using default transaction strategy (direct JDBC transactions)
[http-listener-1(5)] 2015-08-05 14:42:28,394 - org.hibernate.hql.internal.ast.ASTQueryTranslatorFactory - INFO - HHH000397: Using ASTQueryTranslatorFactory
[http-listener-1(5)] 2015-08-05 14:42:30,648 - org.hibernate.hql.internal.ast.HqlSqlWalker - WARN - [DEPRECATION] Encountered positional parameter near line 1, column 59.  Positional parameter are considered deprecated; use named parameters or JPA-style positional parameters instead.
[http-listener-1(5)] 2015-08-05 14:42:30,654 - org.hibernate.hql.internal.ast.HqlSqlWalker - WARN - [DEPRECATION] Encountered positional parameter near line 1, column 76.  Positional parameter are considered deprecated; use named parameters or JPA-style positional parameters instead.
[http-listener-1(1)] 2015-08-05 16:05:29,283 - org.hibernate.annotations.common.Version - INFO - HCANN000001: Hibernate Commons Annotations {4.0.4.Final}
[http-listener-1(1)] 2015-08-05 16:05:29,406 - org.hibernate.Version - INFO - HHH000412: Hibernate Core {4.3.1.Final}
[http-listener-1(1)] 2015-08-05 16:05:29,414 - org.hibernate.cfg.Environment - INFO - HHH000206: hibernate.properties not found
[http-listener-1(1)] 2015-08-05 16:05:29,422 - org.hibernate.cfg.Environment - INFO - HHH000021: Bytecode provider name : javassist
[http-listener-1(1)] 2015-08-05 16:05:29,523 - org.hibernate.cfg.Configuration - INFO - HHH000043: Configuring from resource: /hibernate.cfg.xml
[http-listener-1(1)] 2015-08-05 16:05:29,524 - org.hibernate.cfg.Configuration - INFO - HHH000040: Configuration resource: /hibernate.cfg.xml
[http-listener-1(1)] 2015-08-05 16:05:29,726 - org.hibernate.internal.util.xml.DTDEntityResolver - WARN - HHH000223: Recognized obsolete hibernate namespace http://hibernate.sourceforge.net/. Use namespace http://www.hibernate.org/dtd/ instead. Refer to Hibernate 3.6 Migration Guide!
[http-listener-1(1)] 2015-08-05 16:05:29,930 - org.hibernate.cfg.Configuration - INFO - HHH000221: Reading mappings from resource: GPStreet/DB/Mapping/Entity/GpstGroups.hbm.xml
[http-listener-1(1)] 2015-08-05 16:05:29,991 - org.hibernate.cfg.Configuration - INFO - HHH000221: Reading mappings from resource: GPStreet/DB/Mapping/Entity/GpstPages.hbm.xml
[http-listener-1(1)] 2015-08-05 16:05:30,016 - org.hibernate.cfg.Configuration - INFO - HHH000221: Reading mappings from resource: GPStreet/DB/Mapping/Entity/GpstUsers.hbm.xml
[http-listener-1(1)] 2015-08-05 16:05:30,047 - org.hibernate.cfg.Configuration - INFO - HHH000041: Configured SessionFactory: null
[http-listener-1(1)] 2015-08-05 16:05:30,626 - org.hibernate.engine.jdbc.connections.internal.DriverManagerConnectionProviderImpl - WARN - HHH000402: Using Hibernate built-in connection pool (not for production use!)
[http-listener-1(1)] 2015-08-05 16:05:30,647 - org.hibernate.engine.jdbc.connections.internal.DriverManagerConnectionProviderImpl - INFO - HHH000401: using driver [com.mysql.jdbc.Driver] at URL [jdbc:mysql://localhost:3306/gpstreet?useUnicode=yes&characterEncoding=UTF-8]
[http-listener-1(1)] 2015-08-05 16:05:30,648 - org.hibernate.engine.jdbc.connections.internal.DriverManagerConnectionProviderImpl - INFO - HHH000046: Connection properties: {user=root, password=****}
[http-listener-1(1)] 2015-08-05 16:05:30,648 - org.hibernate.engine.jdbc.connections.internal.DriverManagerConnectionProviderImpl - INFO - HHH000006: Autocommit mode: false
[http-listener-1(1)] 2015-08-05 16:05:30,655 - org.hibernate.engine.jdbc.connections.internal.DriverManagerConnectionProviderImpl - INFO - HHH000115: Hibernate connection pool size: 20 (min=1)
[http-listener-1(1)] 2015-08-05 16:05:32,180 - org.hibernate.dialect.Dialect - INFO - HHH000400: Using dialect: org.hibernate.dialect.MySQLDialect
[http-listener-1(1)] 2015-08-05 16:05:32,532 - org.hibernate.engine.transaction.internal.TransactionFactoryInitiator - INFO - HHH000399: Using default transaction strategy (direct JDBC transactions)
[http-listener-1(1)] 2015-08-05 16:05:32,554 - org.hibernate.hql.internal.ast.ASTQueryTranslatorFactory - INFO - HHH000397: Using ASTQueryTranslatorFactory
[http-listener-1(1)] 2015-08-05 16:05:35,398 - org.hibernate.hql.internal.ast.HqlSqlWalker - WARN - [DEPRECATION] Encountered positional parameter near line 1, column 59.  Positional parameter are considered deprecated; use named parameters or JPA-style positional parameters instead.
[http-listener-1(1)] 2015-08-05 16:05:35,403 - org.hibernate.hql.internal.ast.HqlSqlWalker - WARN - [DEPRECATION] Encountered positional parameter near line 1, column 76.  Positional parameter are considered deprecated; use named parameters or JPA-style positional parameters instead.
[http-listener-1(5)] 2015-08-05 16:12:28,412 - org.hibernate.annotations.common.Version - INFO - HCANN000001: Hibernate Commons Annotations {4.0.4.Final}
[http-listener-1(5)] 2015-08-05 16:12:28,443 - org.hibernate.Version - INFO - HHH000412: Hibernate Core {4.3.1.Final}
[http-listener-1(5)] 2015-08-05 16:12:28,450 - org.hibernate.cfg.Environment - INFO - HHH000206: hibernate.properties not found
[http-listener-1(5)] 2015-08-05 16:12:28,466 - org.hibernate.cfg.Environment - INFO - HHH000021: Bytecode provider name : javassist
[http-listener-1(5)] 2015-08-05 16:12:28,570 - org.hibernate.cfg.Configuration - INFO - HHH000043: Configuring from resource: /hibernate.cfg.xml
[http-listener-1(5)] 2015-08-05 16:12:28,570 - org.hibernate.cfg.Configuration - INFO - HHH000040: Configuration resource: /hibernate.cfg.xml
[http-listener-1(5)] 2015-08-05 16:12:28,672 - org.hibernate.internal.util.xml.DTDEntityResolver - WARN - HHH000223: Recognized obsolete hibernate namespace http://hibernate.sourceforge.net/. Use namespace http://www.hibernate.org/dtd/ instead. Refer to Hibernate 3.6 Migration Guide!
[http-listener-1(5)] 2015-08-05 16:12:28,744 - org.hibernate.cfg.Configuration - INFO - HHH000221: Reading mappings from resource: GPStreet/DB/Mapping/Entity/GpstGroups.hbm.xml
[http-listener-1(5)] 2015-08-05 16:12:28,810 - org.hibernate.cfg.Configuration - INFO - HHH000221: Reading mappings from resource: GPStreet/DB/Mapping/Entity/GpstPages.hbm.xml
[http-listener-1(5)] 2015-08-05 16:12:28,841 - org.hibernate.cfg.Configuration - INFO - HHH000221: Reading mappings from resource: GPStreet/DB/Mapping/Entity/GpstUsers.hbm.xml
[http-listener-1(5)] 2015-08-05 16:12:28,873 - org.hibernate.cfg.Configuration - INFO - HHH000041: Configured SessionFactory: null
[http-listener-1(5)] 2015-08-05 16:12:29,317 - org.hibernate.engine.jdbc.connections.internal.DriverManagerConnectionProviderImpl - WARN - HHH000402: Using Hibernate built-in connection pool (not for production use!)
[http-listener-1(5)] 2015-08-05 16:12:29,320 - org.hibernate.engine.jdbc.connections.internal.DriverManagerConnectionProviderImpl - INFO - HHH000401: using driver [com.mysql.jdbc.Driver] at URL [jdbc:mysql://localhost:3306/gpstreet?useUnicode=yes&characterEncoding=UTF-8]
[http-listener-1(5)] 2015-08-05 16:12:29,321 - org.hibernate.engine.jdbc.connections.internal.DriverManagerConnectionProviderImpl - INFO - HHH000046: Connection properties: {user=root, password=****}
[http-listener-1(5)] 2015-08-05 16:12:29,321 - org.hibernate.engine.jdbc.connections.internal.DriverManagerConnectionProviderImpl - INFO - HHH000006: Autocommit mode: false
[http-listener-1(5)] 2015-08-05 16:12:29,328 - org.hibernate.engine.jdbc.connections.internal.DriverManagerConnectionProviderImpl - INFO - HHH000115: Hibernate connection pool size: 20 (min=1)
[http-listener-1(5)] 2015-08-05 16:12:29,472 - org.hibernate.dialect.Dialect - INFO - HHH000400: Using dialect: org.hibernate.dialect.MySQLDialect
[http-listener-1(5)] 2015-08-05 16:12:29,827 - org.hibernate.engine.transaction.internal.TransactionFactoryInitiator - INFO - HHH000399: Using default transaction strategy (direct JDBC transactions)
[http-listener-1(5)] 2015-08-05 16:12:29,856 - org.hibernate.hql.internal.ast.ASTQueryTranslatorFactory - INFO - HHH000397: Using ASTQueryTranslatorFactory
[http-listener-1(5)] 2015-08-05 16:12:32,127 - org.hibernate.hql.internal.ast.HqlSqlWalker - WARN - [DEPRECATION] Encountered positional parameter near line 1, column 59.  Positional parameter are considered deprecated; use named parameters or JPA-style positional parameters instead.
[http-listener-1(5)] 2015-08-05 16:12:32,132 - org.hibernate.hql.internal.ast.HqlSqlWalker - WARN - [DEPRECATION] Encountered positional parameter near line 1, column 76.  Positional parameter are considered deprecated; use named parameters or JPA-style positional parameters instead.
[http-listener-1(5)] 2015-08-05 16:53:07,957 - org.hibernate.annotations.common.Version - INFO - HCANN000001: Hibernate Commons Annotations {4.0.4.Final}
[http-listener-1(5)] 2015-08-05 16:53:08,037 - org.hibernate.Version - INFO - HHH000412: Hibernate Core {4.3.1.Final}
[http-listener-1(5)] 2015-08-05 16:53:08,044 - org.hibernate.cfg.Environment - INFO - HHH000206: hibernate.properties not found
[http-listener-1(5)] 2015-08-05 16:53:08,050 - org.hibernate.cfg.Environment - INFO - HHH000021: Bytecode provider name : javassist
[http-listener-1(5)] 2015-08-05 16:53:08,138 - org.hibernate.cfg.Configuration - INFO - HHH000043: Configuring from resource: /hibernate.cfg.xml
[http-listener-1(5)] 2015-08-05 16:53:08,138 - org.hibernate.cfg.Configuration - INFO - HHH000040: Configuration resource: /hibernate.cfg.xml
[http-listener-1(5)] 2015-08-05 16:53:08,257 - org.hibernate.internal.util.xml.DTDEntityResolver - WARN - HHH000223: Recognized obsolete hibernate namespace http://hibernate.sourceforge.net/. Use namespace http://www.hibernate.org/dtd/ instead. Refer to Hibernate 3.6 Migration Guide!
[http-listener-1(5)] 2015-08-05 16:53:08,380 - org.hibernate.cfg.Configuration - INFO - HHH000221: Reading mappings from resource: GPStreet/DB/Mapping/Entity/GpstGroups.hbm.xml
[http-listener-1(5)] 2015-08-05 16:53:08,437 - org.hibernate.cfg.Configuration - INFO - HHH000221: Reading mappings from resource: GPStreet/DB/Mapping/Entity/GpstPages.hbm.xml
[http-listener-1(5)] 2015-08-05 16:53:08,461 - org.hibernate.cfg.Configuration - INFO - HHH000221: Reading mappings from resource: GPStreet/DB/Mapping/Entity/GpstUsers.hbm.xml
[http-listener-1(5)] 2015-08-05 16:53:08,476 - org.hibernate.cfg.Configuration - INFO - HHH000041: Configured SessionFactory: null
[http-listener-1(5)] 2015-08-05 16:53:08,897 - org.hibernate.engine.jdbc.connections.internal.DriverManagerConnectionProviderImpl - WARN - HHH000402: Using Hibernate built-in connection pool (not for production use!)
[http-listener-1(5)] 2015-08-05 16:53:08,901 - org.hibernate.engine.jdbc.connections.internal.DriverManagerConnectionProviderImpl - INFO - HHH000401: using driver [com.mysql.jdbc.Driver] at URL [jdbc:mysql://localhost:3306/gpstreet?useUnicode=yes&characterEncoding=UTF-8]
[http-listener-1(5)] 2015-08-05 16:53:08,902 - org.hibernate.engine.jdbc.connections.internal.DriverManagerConnectionProviderImpl - INFO - HHH000046: Connection properties: {user=root, password=****}
[http-listener-1(5)] 2015-08-05 16:53:08,902 - org.hibernate.engine.jdbc.connections.internal.DriverManagerConnectionProviderImpl - INFO - HHH000006: Autocommit mode: false
[http-listener-1(5)] 2015-08-05 16:53:08,908 - org.hibernate.engine.jdbc.connections.internal.DriverManagerConnectionProviderImpl - INFO - HHH000115: Hibernate connection pool size: 20 (min=1)
[http-listener-1(5)] 2015-08-05 16:53:09,843 - org.hibernate.dialect.Dialect - INFO - HHH000400: Using dialect: org.hibernate.dialect.MySQLDialect
[http-listener-1(5)] 2015-08-05 16:53:10,191 - org.hibernate.engine.transaction.internal.TransactionFactoryInitiator - INFO - HHH000399: Using default transaction strategy (direct JDBC transactions)
[http-listener-1(5)] 2015-08-05 16:53:10,226 - org.hibernate.hql.internal.ast.ASTQueryTranslatorFactory - INFO - HHH000397: Using ASTQueryTranslatorFactory
[http-listener-1(5)] 2015-08-05 16:53:11,902 - org.hibernate.hql.internal.ast.HqlSqlWalker - WARN - [DEPRECATION] Encountered positional parameter near line 1, column 59.  Positional parameter are considered deprecated; use named parameters or JPA-style positional parameters instead.
[http-listener-1(5)] 2015-08-05 16:53:11,907 - org.hibernate.hql.internal.ast.HqlSqlWalker - WARN - [DEPRECATION] Encountered positional parameter near line 1, column 76.  Positional parameter are considered deprecated; use named parameters or JPA-style positional parameters instead.
[http-listener-1(1)] 2015-08-05 17:05:44,688 - org.hibernate.annotations.common.Version - INFO - HCANN000001: Hibernate Commons Annotations {4.0.4.Final}
[http-listener-1(1)] 2015-08-05 17:05:44,719 - org.hibernate.Version - INFO - HHH000412: Hibernate Core {4.3.1.Final}
[http-listener-1(1)] 2015-08-05 17:05:44,727 - org.hibernate.cfg.Environment - INFO - HHH000206: hibernate.properties not found
[http-listener-1(1)] 2015-08-05 17:05:44,741 - org.hibernate.cfg.Environment - INFO - HHH000021: Bytecode provider name : javassist
[http-listener-1(1)] 2015-08-05 17:05:44,822 - org.hibernate.cfg.Configuration - INFO - HHH000043: Configuring from resource: /hibernate.cfg.xml
[http-listener-1(1)] 2015-08-05 17:05:44,823 - org.hibernate.cfg.Configuration - INFO - HHH000040: Configuration resource: /hibernate.cfg.xml
[http-listener-1(1)] 2015-08-05 17:05:44,944 - org.hibernate.internal.util.xml.DTDEntityResolver - WARN - HHH000223: Recognized obsolete hibernate namespace http://hibernate.sourceforge.net/. Use namespace http://www.hibernate.org/dtd/ instead. Refer to Hibernate 3.6 Migration Guide!
[http-listener-1(1)] 2015-08-05 17:05:45,000 - org.hibernate.cfg.Configuration - INFO - HHH000221: Reading mappings from resource: GPStreet/DB/Mapping/Entity/GpstGroups.hbm.xml
[http-listener-1(1)] 2015-08-05 17:05:45,196 - org.hibernate.cfg.Configuration - INFO - HHH000221: Reading mappings from resource: GPStreet/DB/Mapping/Entity/GpstPages.hbm.xml
[http-listener-1(1)] 2015-08-05 17:05:45,247 - org.hibernate.cfg.Configuration - INFO - HHH000221: Reading mappings from resource: GPStreet/DB/Mapping/Entity/GpstUsers.hbm.xml
[http-listener-1(1)] 2015-08-05 17:05:45,395 - org.hibernate.cfg.Configuration - INFO - HHH000041: Configured SessionFactory: null
[http-listener-1(1)] 2015-08-05 17:05:45,776 - org.hibernate.engine.jdbc.connections.internal.DriverManagerConnectionProviderImpl - WARN - HHH000402: Using Hibernate built-in connection pool (not for production use!)
[http-listener-1(1)] 2015-08-05 17:05:45,781 - org.hibernate.engine.jdbc.connections.internal.DriverManagerConnectionProviderImpl - INFO - HHH000401: using driver [com.mysql.jdbc.Driver] at URL [jdbc:mysql://localhost:3306/gpstreet?useUnicode=yes&characterEncoding=UTF-8]
[http-listener-1(1)] 2015-08-05 17:05:45,782 - org.hibernate.engine.jdbc.connections.internal.DriverManagerConnectionProviderImpl - INFO - HHH000046: Connection properties: {user=root, password=****}
[http-listener-1(1)] 2015-08-05 17:05:45,782 - org.hibernate.engine.jdbc.connections.internal.DriverManagerConnectionProviderImpl - INFO - HHH000006: Autocommit mode: false
[http-listener-1(1)] 2015-08-05 17:05:45,789 - org.hibernate.engine.jdbc.connections.internal.DriverManagerConnectionProviderImpl - INFO - HHH000115: Hibernate connection pool size: 20 (min=1)
[http-listener-1(1)] 2015-08-05 17:05:45,873 - org.hibernate.dialect.Dialect - INFO - HHH000400: Using dialect: org.hibernate.dialect.MySQLDialect
[http-listener-1(1)] 2015-08-05 17:05:46,154 - org.hibernate.engine.transaction.internal.TransactionFactoryInitiator - INFO - HHH000399: Using default transaction strategy (direct JDBC transactions)
[http-listener-1(1)] 2015-08-05 17:05:46,174 - org.hibernate.hql.internal.ast.ASTQueryTranslatorFactory - INFO - HHH000397: Using ASTQueryTranslatorFactory
[http-listener-1(2)] 2015-08-05 17:05:53,008 - org.hibernate.hql.internal.ast.HqlSqlWalker - WARN - [DEPRECATION] Encountered positional parameter near line 1, column 59.  Positional parameter are considered deprecated; use named parameters or JPA-style positional parameters instead.
[http-listener-1(1)] 2015-08-05 17:05:53,009 - org.hibernate.hql.internal.ast.HqlSqlWalker - WARN - [DEPRECATION] Encountered positional parameter near line 1, column 59.  Positional parameter are considered deprecated; use named parameters or JPA-style positional parameters instead.
[http-listener-1(1)] 2015-08-05 17:05:53,249 - org.hibernate.hql.internal.ast.HqlSqlWalker - WARN - [DEPRECATION] Encountered positional parameter near line 1, column 76.  Positional parameter are considered deprecated; use named parameters or JPA-style positional parameters instead.
[http-listener-1(2)] 2015-08-05 17:05:53,449 - org.hibernate.hql.internal.ast.HqlSqlWalker - WARN - [DEPRECATION] Encountered positional parameter near line 1, column 76.  Positional parameter are considered deprecated; use named parameters or JPA-style positional parameters instead.
[http-listener-1(1)] 2015-08-05 17:50:45,870 - org.hibernate.annotations.common.Version - INFO - HCANN000001: Hibernate Commons Annotations {4.0.4.Final}
[http-listener-1(1)] 2015-08-05 17:50:45,912 - org.hibernate.Version - INFO - HHH000412: Hibernate Core {4.3.1.Final}
[http-listener-1(1)] 2015-08-05 17:50:45,919 - org.hibernate.cfg.Environment - INFO - HHH000206: hibernate.properties not found
[http-listener-1(1)] 2015-08-05 17:50:45,923 - org.hibernate.cfg.Environment - INFO - HHH000021: Bytecode provider name : javassist
[http-listener-1(1)] 2015-08-05 17:50:46,008 - org.hibernate.cfg.Configuration - INFO - HHH000043: Configuring from resource: /hibernate.cfg.xml
[http-listener-1(1)] 2015-08-05 17:50:46,009 - org.hibernate.cfg.Configuration - INFO - HHH000040: Configuration resource: /hibernate.cfg.xml
[http-listener-1(1)] 2015-08-05 17:50:46,183 - org.hibernate.internal.util.xml.DTDEntityResolver - WARN - HHH000223: Recognized obsolete hibernate namespace http://hibernate.sourceforge.net/. Use namespace http://www.hibernate.org/dtd/ instead. Refer to Hibernate 3.6 Migration Guide!
[http-listener-1(1)] 2015-08-05 17:50:46,332 - org.hibernate.cfg.Configuration - INFO - HHH000221: Reading mappings from resource: GPStreet/DB/Mapping/Entity/GpstGroups.hbm.xml
[http-listener-1(1)] 2015-08-05 17:50:46,376 - org.hibernate.cfg.Configuration - INFO - HHH000221: Reading mappings from resource: GPStreet/DB/Mapping/Entity/GpstPages.hbm.xml
[http-listener-1(1)] 2015-08-05 17:50:46,401 - org.hibernate.cfg.Configuration - INFO - HHH000221: Reading mappings from resource: GPStreet/DB/Mapping/Entity/GpstUsers.hbm.xml
[http-listener-1(1)] 2015-08-05 17:50:46,413 - org.hibernate.cfg.Configuration - INFO - HHH000041: Configured SessionFactory: null
[http-listener-1(1)] 2015-08-05 17:50:46,762 - org.hibernate.engine.jdbc.connections.internal.DriverManagerConnectionProviderImpl - WARN - HHH000402: Using Hibernate built-in connection pool (not for production use!)
[http-listener-1(1)] 2015-08-05 17:50:46,767 - org.hibernate.engine.jdbc.connections.internal.DriverManagerConnectionProviderImpl - INFO - HHH000401: using driver [com.mysql.jdbc.Driver] at URL [jdbc:mysql://localhost:3306/gpstreet?useUnicode=yes&characterEncoding=UTF-8]
[http-listener-1(1)] 2015-08-05 17:50:46,768 - org.hibernate.engine.jdbc.connections.internal.DriverManagerConnectionProviderImpl - INFO - HHH000046: Connection properties: {user=root, password=****}
[http-listener-1(1)] 2015-08-05 17:50:46,768 - org.hibernate.engine.jdbc.connections.internal.DriverManagerConnectionProviderImpl - INFO - HHH000006: Autocommit mode: false
[http-listener-1(1)] 2015-08-05 17:50:46,775 - org.hibernate.engine.jdbc.connections.internal.DriverManagerConnectionProviderImpl - INFO - HHH000115: Hibernate connection pool size: 20 (min=1)
[http-listener-1(1)] 2015-08-05 17:50:47,894 - org.hibernate.dialect.Dialect - INFO - HHH000400: Using dialect: org.hibernate.dialect.MySQLDialect
[http-listener-1(1)] 2015-08-05 17:50:48,167 - org.hibernate.engine.transaction.internal.TransactionFactoryInitiator - INFO - HHH000399: Using default transaction strategy (direct JDBC transactions)
[http-listener-1(1)] 2015-08-05 17:50:48,190 - org.hibernate.hql.internal.ast.ASTQueryTranslatorFactory - INFO - HHH000397: Using ASTQueryTranslatorFactory
[http-listener-1(1)] 2015-08-05 17:50:50,353 - org.hibernate.hql.internal.ast.HqlSqlWalker - WARN - [DEPRECATION] Encountered positional parameter near line 1, column 59.  Positional parameter are considered deprecated; use named parameters or JPA-style positional parameters instead.
[http-listener-1(1)] 2015-08-05 17:50:50,360 - org.hibernate.hql.internal.ast.HqlSqlWalker - WARN - [DEPRECATION] Encountered positional parameter near line 1, column 76.  Positional parameter are considered deprecated; use named parameters or JPA-style positional parameters instead.
[http-listener-1(3)] 2015-08-05 17:53:24,167 - org.hibernate.annotations.common.Version - INFO - HCANN000001: Hibernate Commons Annotations {4.0.4.Final}
[http-listener-1(3)] 2015-08-05 17:53:24,201 - org.hibernate.Version - INFO - HHH000412: Hibernate Core {4.3.1.Final}
[http-listener-1(3)] 2015-08-05 17:53:24,210 - org.hibernate.cfg.Environment - INFO - HHH000206: hibernate.properties not found
[http-listener-1(3)] 2015-08-05 17:53:24,216 - org.hibernate.cfg.Environment - INFO - HHH000021: Bytecode provider name : javassist
[http-listener-1(3)] 2015-08-05 17:53:24,310 - org.hibernate.cfg.Configuration - INFO - HHH000043: Configuring from resource: /hibernate.cfg.xml
[http-listener-1(3)] 2015-08-05 17:53:24,311 - org.hibernate.cfg.Configuration - INFO - HHH000040: Configuration resource: /hibernate.cfg.xml
[http-listener-1(3)] 2015-08-05 17:53:24,376 - org.hibernate.internal.util.xml.DTDEntityResolver - WARN - HHH000223: Recognized obsolete hibernate namespace http://hibernate.sourceforge.net/. Use namespace http://www.hibernate.org/dtd/ instead. Refer to Hibernate 3.6 Migration Guide!
[http-listener-1(3)] 2015-08-05 17:53:24,439 - org.hibernate.cfg.Configuration - INFO - HHH000221: Reading mappings from resource: GPStreet/DB/Mapping/Entity/GpstGroups.hbm.xml
[http-listener-1(3)] 2015-08-05 17:53:24,464 - org.hibernate.cfg.Configuration - INFO - HHH000221: Reading mappings from resource: GPStreet/DB/Mapping/Entity/GpstPages.hbm.xml
[http-listener-1(3)] 2015-08-05 17:53:24,473 - org.hibernate.cfg.Configuration - INFO - HHH000221: Reading mappings from resource: GPStreet/DB/Mapping/Entity/GpstUsers.hbm.xml
[http-listener-1(3)] 2015-08-05 17:53:24,481 - org.hibernate.cfg.Configuration - INFO - HHH000041: Configured SessionFactory: null
[http-listener-1(3)] 2015-08-05 17:53:25,185 - org.hibernate.engine.jdbc.connections.internal.DriverManagerConnectionProviderImpl - WARN - HHH000402: Using Hibernate built-in connection pool (not for production use!)
[http-listener-1(3)] 2015-08-05 17:53:25,189 - org.hibernate.engine.jdbc.connections.internal.DriverManagerConnectionProviderImpl - INFO - HHH000401: using driver [com.mysql.jdbc.Driver] at URL [jdbc:mysql://localhost:3306/gpstreet?useUnicode=yes&characterEncoding=UTF-8]
[http-listener-1(3)] 2015-08-05 17:53:25,190 - org.hibernate.engine.jdbc.connections.internal.DriverManagerConnectionProviderImpl - INFO - HHH000046: Connection properties: {user=root, password=****}
[http-listener-1(3)] 2015-08-05 17:53:25,190 - org.hibernate.engine.jdbc.connections.internal.DriverManagerConnectionProviderImpl - INFO - HHH000006: Autocommit mode: false
[http-listener-1(3)] 2015-08-05 17:53:25,197 - org.hibernate.engine.jdbc.connections.internal.DriverManagerConnectionProviderImpl - INFO - HHH000115: Hibernate connection pool size: 20 (min=1)
[http-listener-1(3)] 2015-08-05 17:53:25,346 - org.hibernate.dialect.Dialect - INFO - HHH000400: Using dialect: org.hibernate.dialect.MySQLDialect
[http-listener-1(3)] 2015-08-05 17:53:25,615 - org.hibernate.engine.transaction.internal.TransactionFactoryInitiator - INFO - HHH000399: Using default transaction strategy (direct JDBC transactions)
[http-listener-1(3)] 2015-08-05 17:53:25,636 - org.hibernate.hql.internal.ast.ASTQueryTranslatorFactory - INFO - HHH000397: Using ASTQueryTranslatorFactory
[http-listener-1(3)] 2015-08-05 17:53:27,399 - org.hibernate.hql.internal.ast.HqlSqlWalker - WARN - [DEPRECATION] Encountered positional parameter near line 1, column 59.  Positional parameter are considered deprecated; use named parameters or JPA-style positional parameters instead.
[http-listener-1(3)] 2015-08-05 17:53:27,405 - org.hibernate.hql.internal.ast.HqlSqlWalker - WARN - [DEPRECATION] Encountered positional parameter near line 1, column 76.  Positional parameter are considered deprecated; use named parameters or JPA-style positional parameters instead.
[http-listener-1(1)] 2015-08-05 17:57:38,934 - org.hibernate.annotations.common.Version - INFO - HCANN000001: Hibernate Commons Annotations {4.0.4.Final}
[http-listener-1(1)] 2015-08-05 17:57:38,965 - org.hibernate.Version - INFO - HHH000412: Hibernate Core {4.3.1.Final}
[http-listener-1(1)] 2015-08-05 17:57:38,972 - org.hibernate.cfg.Environment - INFO - HHH000206: hibernate.properties not found
[http-listener-1(1)] 2015-08-05 17:57:38,977 - org.hibernate.cfg.Environment - INFO - HHH000021: Bytecode provider name : javassist
[http-listener-1(1)] 2015-08-05 17:57:39,057 - org.hibernate.cfg.Configuration - INFO - HHH000043: Configuring from resource: /hibernate.cfg.xml
[http-listener-1(1)] 2015-08-05 17:57:39,057 - org.hibernate.cfg.Configuration - INFO - HHH000040: Configuration resource: /hibernate.cfg.xml
[http-listener-1(1)] 2015-08-05 17:57:39,127 - org.hibernate.internal.util.xml.DTDEntityResolver - WARN - HHH000223: Recognized obsolete hibernate namespace http://hibernate.sourceforge.net/. Use namespace http://www.hibernate.org/dtd/ instead. Refer to Hibernate 3.6 Migration Guide!
[http-listener-1(1)] 2015-08-05 17:57:39,164 - org.hibernate.cfg.Configuration - INFO - HHH000221: Reading mappings from resource: GPStreet/DB/Mapping/Entity/GpstGroups.hbm.xml
[http-listener-1(1)] 2015-08-05 17:57:39,190 - org.hibernate.cfg.Configuration - INFO - HHH000221: Reading mappings from resource: GPStreet/DB/Mapping/Entity/GpstPages.hbm.xml
[http-listener-1(1)] 2015-08-05 17:57:39,198 - org.hibernate.cfg.Configuration - INFO - HHH000221: Reading mappings from resource: GPStreet/DB/Mapping/Entity/GpstUsers.hbm.xml
[http-listener-1(1)] 2015-08-05 17:57:39,206 - org.hibernate.cfg.Configuration - INFO - HHH000041: Configured SessionFactory: null
[http-listener-1(1)] 2015-08-05 17:57:39,574 - org.hibernate.engine.jdbc.connections.internal.DriverManagerConnectionProviderImpl - WARN - HHH000402: Using Hibernate built-in connection pool (not for production use!)
[http-listener-1(1)] 2015-08-05 17:57:39,578 - org.hibernate.engine.jdbc.connections.internal.DriverManagerConnectionProviderImpl - INFO - HHH000401: using driver [com.mysql.jdbc.Driver] at URL [jdbc:mysql://localhost:3306/gpstreet?useUnicode=yes&characterEncoding=UTF-8]
[http-listener-1(1)] 2015-08-05 17:57:39,579 - org.hibernate.engine.jdbc.connections.internal.DriverManagerConnectionProviderImpl - INFO - HHH000046: Connection properties: {user=root, password=****}
[http-listener-1(1)] 2015-08-05 17:57:39,579 - org.hibernate.engine.jdbc.connections.internal.DriverManagerConnectionProviderImpl - INFO - HHH000006: Autocommit mode: false
[http-listener-1(1)] 2015-08-05 17:57:39,586 - org.hibernate.engine.jdbc.connections.internal.DriverManagerConnectionProviderImpl - INFO - HHH000115: Hibernate connection pool size: 20 (min=1)
[http-listener-1(1)] 2015-08-05 17:57:39,668 - org.hibernate.dialect.Dialect - INFO - HHH000400: Using dialect: org.hibernate.dialect.MySQLDialect
[http-listener-1(1)] 2015-08-05 17:57:39,928 - org.hibernate.engine.transaction.internal.TransactionFactoryInitiator - INFO - HHH000399: Using default transaction strategy (direct JDBC transactions)
[http-listener-1(1)] 2015-08-05 17:57:39,949 - org.hibernate.hql.internal.ast.ASTQueryTranslatorFactory - INFO - HHH000397: Using ASTQueryTranslatorFactory
[http-listener-1(1)] 2015-08-05 17:57:42,125 - org.hibernate.hql.internal.ast.HqlSqlWalker - WARN - [DEPRECATION] Encountered positional parameter near line 1, column 59.  Positional parameter are considered deprecated; use named parameters or JPA-style positional parameters instead.
[http-listener-1(1)] 2015-08-05 17:57:42,131 - org.hibernate.hql.internal.ast.HqlSqlWalker - WARN - [DEPRECATION] Encountered positional parameter near line 1, column 76.  Positional parameter are considered deprecated; use named parameters or JPA-style positional parameters instead.
[http-listener-1(4)] 2015-08-05 18:00:20,482 - org.hibernate.hql.internal.ast.HqlSqlWalker - WARN - [DEPRECATION] Encountered positional parameter near line 1, column 62.  Positional parameter are considered deprecated; use named parameters or JPA-style positional parameters instead.
[http-listener-1(2)] 2015-08-05 18:07:25,153 - org.hibernate.annotations.common.Version - INFO - HCANN000001: Hibernate Commons Annotations {4.0.4.Final}
[http-listener-1(2)] 2015-08-05 18:07:25,188 - org.hibernate.Version - INFO - HHH000412: Hibernate Core {4.3.1.Final}
[http-listener-1(2)] 2015-08-05 18:07:25,203 - org.hibernate.cfg.Environment - INFO - HHH000206: hibernate.properties not found
[http-listener-1(2)] 2015-08-05 18:07:25,208 - org.hibernate.cfg.Environment - INFO - HHH000021: Bytecode provider name : javassist
[http-listener-1(2)] 2015-08-05 18:07:25,346 - org.hibernate.cfg.Configuration - INFO - HHH000043: Configuring from resource: /hibernate.cfg.xml
[http-listener-1(2)] 2015-08-05 18:07:25,347 - org.hibernate.cfg.Configuration - INFO - HHH000040: Configuration resource: /hibernate.cfg.xml
[http-listener-1(2)] 2015-08-05 18:07:25,558 - org.hibernate.internal.util.xml.DTDEntityResolver - WARN - HHH000223: Recognized obsolete hibernate namespace http://hibernate.sourceforge.net/. Use namespace http://www.hibernate.org/dtd/ instead. Refer to Hibernate 3.6 Migration Guide!
[http-listener-1(2)] 2015-08-05 18:07:25,652 - org.hibernate.cfg.Configuration - INFO - HHH000221: Reading mappings from resource: GPStreet/DB/Mapping/Entity/GpstGroups.hbm.xml
[http-listener-1(2)] 2015-08-05 18:07:25,679 - org.hibernate.cfg.Configuration - INFO - HHH000221: Reading mappings from resource: GPStreet/DB/Mapping/Entity/GpstPages.hbm.xml
[http-listener-1(2)] 2015-08-05 18:07:25,687 - org.hibernate.cfg.Configuration - INFO - HHH000221: Reading mappings from resource: GPStreet/DB/Mapping/Entity/GpstUsers.hbm.xml
[http-listener-1(2)] 2015-08-05 18:07:25,702 - org.hibernate.cfg.Configuration - INFO - HHH000041: Configured SessionFactory: null
[http-listener-1(2)] 2015-08-05 18:07:26,060 - org.hibernate.engine.jdbc.connections.internal.DriverManagerConnectionProviderImpl - WARN - HHH000402: Using Hibernate built-in connection pool (not for production use!)
[http-listener-1(2)] 2015-08-05 18:07:26,078 - org.hibernate.engine.jdbc.connections.internal.DriverManagerConnectionProviderImpl - INFO - HHH000401: using driver [com.mysql.jdbc.Driver] at URL [jdbc:mysql://localhost:3306/gpstreet?useUnicode=yes&characterEncoding=UTF-8]
[http-listener-1(2)] 2015-08-05 18:07:26,079 - org.hibernate.engine.jdbc.connections.internal.DriverManagerConnectionProviderImpl - INFO - HHH000046: Connection properties: {user=root, password=****}
[http-listener-1(2)] 2015-08-05 18:07:26,080 - org.hibernate.engine.jdbc.connections.internal.DriverManagerConnectionProviderImpl - INFO - HHH000006: Autocommit mode: false
[http-listener-1(2)] 2015-08-05 18:07:26,089 - org.hibernate.engine.jdbc.connections.internal.DriverManagerConnectionProviderImpl - INFO - HHH000115: Hibernate connection pool size: 20 (min=1)
[http-listener-1(2)] 2015-08-05 18:07:26,222 - org.hibernate.dialect.Dialect - INFO - HHH000400: Using dialect: org.hibernate.dialect.MySQLDialect
[http-listener-1(2)] 2015-08-05 18:07:26,574 - org.hibernate.engine.transaction.internal.TransactionFactoryInitiator - INFO - HHH000399: Using default transaction strategy (direct JDBC transactions)
[http-listener-1(2)] 2015-08-05 18:07:26,605 - org.hibernate.hql.internal.ast.ASTQueryTranslatorFactory - INFO - HHH000397: Using ASTQueryTranslatorFactory
[http-listener-1(2)] 2015-08-05 18:07:28,711 - org.hibernate.hql.internal.ast.HqlSqlWalker - WARN - [DEPRECATION] Encountered positional parameter near line 1, column 59.  Positional parameter are considered deprecated; use named parameters or JPA-style positional parameters instead.
[http-listener-1(2)] 2015-08-05 18:07:28,718 - org.hibernate.hql.internal.ast.HqlSqlWalker - WARN - [DEPRECATION] Encountered positional parameter near line 1, column 76.  Positional parameter are considered deprecated; use named parameters or JPA-style positional parameters instead.
[http-listener-1(4)] 2015-08-05 18:09:56,669 - org.hibernate.annotations.common.Version - INFO - HCANN000001: Hibernate Commons Annotations {4.0.4.Final}
[http-listener-1(4)] 2015-08-05 18:09:56,713 - org.hibernate.Version - INFO - HHH000412: Hibernate Core {4.3.1.Final}
[http-listener-1(4)] 2015-08-05 18:09:56,731 - org.hibernate.cfg.Environment - INFO - HHH000206: hibernate.properties not found
[http-listener-1(4)] 2015-08-05 18:09:56,736 - org.hibernate.cfg.Environment - INFO - HHH000021: Bytecode provider name : javassist
[http-listener-1(4)] 2015-08-05 18:09:56,820 - org.hibernate.cfg.Configuration - INFO - HHH000043: Configuring from resource: /hibernate.cfg.xml
[http-listener-1(4)] 2015-08-05 18:09:56,820 - org.hibernate.cfg.Configuration - INFO - HHH000040: Configuration resource: /hibernate.cfg.xml
[http-listener-1(4)] 2015-08-05 18:09:56,928 - org.hibernate.internal.util.xml.DTDEntityResolver - WARN - HHH000223: Recognized obsolete hibernate namespace http://hibernate.sourceforge.net/. Use namespace http://www.hibernate.org/dtd/ instead. Refer to Hibernate 3.6 Migration Guide!
[http-listener-1(4)] 2015-08-05 18:09:57,033 - org.hibernate.cfg.Configuration - INFO - HHH000221: Reading mappings from resource: GPStreet/DB/Mapping/Entity/GpstGroups.hbm.xml
[http-listener-1(4)] 2015-08-05 18:09:57,091 - org.hibernate.cfg.Configuration - INFO - HHH000221: Reading mappings from resource: GPStreet/DB/Mapping/Entity/GpstPages.hbm.xml
[http-listener-1(4)] 2015-08-05 18:09:57,120 - org.hibernate.cfg.Configuration - INFO - HHH000221: Reading mappings from resource: GPStreet/DB/Mapping/Entity/GpstUsers.hbm.xml
[http-listener-1(4)] 2015-08-05 18:09:57,147 - org.hibernate.cfg.Configuration - INFO - HHH000041: Configured SessionFactory: null
[http-listener-1(4)] 2015-08-05 18:09:57,511 - org.hibernate.engine.jdbc.connections.internal.DriverManagerConnectionProviderImpl - WARN - HHH000402: Using Hibernate built-in connection pool (not for production use!)
[http-listener-1(4)] 2015-08-05 18:09:57,515 - org.hibernate.engine.jdbc.connections.internal.DriverManagerConnectionProviderImpl - INFO - HHH000401: using driver [com.mysql.jdbc.Driver] at URL [jdbc:mysql://localhost:3306/gpstreet?useUnicode=yes&characterEncoding=UTF-8]
[http-listener-1(4)] 2015-08-05 18:09:57,516 - org.hibernate.engine.jdbc.connections.internal.DriverManagerConnectionProviderImpl - INFO - HHH000046: Connection properties: {user=root, password=****}
[http-listener-1(4)] 2015-08-05 18:09:57,516 - org.hibernate.engine.jdbc.connections.internal.DriverManagerConnectionProviderImpl - INFO - HHH000006: Autocommit mode: false
[http-listener-1(4)] 2015-08-05 18:09:57,522 - org.hibernate.engine.jdbc.connections.internal.DriverManagerConnectionProviderImpl - INFO - HHH000115: Hibernate connection pool size: 20 (min=1)
[http-listener-1(4)] 2015-08-05 18:09:57,596 - org.hibernate.dialect.Dialect - INFO - HHH000400: Using dialect: org.hibernate.dialect.MySQLDialect
[http-listener-1(4)] 2015-08-05 18:09:57,866 - org.hibernate.engine.transaction.internal.TransactionFactoryInitiator - INFO - HHH000399: Using default transaction strategy (direct JDBC transactions)
[http-listener-1(4)] 2015-08-05 18:09:57,889 - org.hibernate.hql.internal.ast.ASTQueryTranslatorFactory - INFO - HHH000397: Using ASTQueryTranslatorFactory
[http-listener-1(4)] 2015-08-05 18:09:59,738 - org.hibernate.hql.internal.ast.HqlSqlWalker - WARN - [DEPRECATION] Encountered positional parameter near line 1, column 59.  Positional parameter are considered deprecated; use named parameters or JPA-style positional parameters instead.
[http-listener-1(4)] 2015-08-05 18:09:59,745 - org.hibernate.hql.internal.ast.HqlSqlWalker - WARN - [DEPRECATION] Encountered positional parameter near line 1, column 76.  Positional parameter are considered deprecated; use named parameters or JPA-style positional parameters instead.
