[admin-listener(2)] 2015-06-07 13:22:50,450 - Database - ERROR - null,  message from server: "Host '172.16.0.83' is not allowed to connect to this MySQL server"
[http-listener-1(1)] 2015-06-07 13:25:12,691 - Database - ERROR - null,  message from server: "Host '172.16.0.83' is not allowed to connect to this MySQL server"
[http-listener-1(1)] 2015-06-07 13:25:12,693 - User - ERROR - 
[http-listener-1(1)] 2015-06-07 13:25:12,694 - saudisoftmt - ERROR - Database error please call admin
[http-listener-1(5)] 2015-06-07 13:25:13,736 - Database - ERROR - null,  message from server: "Host '172.16.0.83' is not allowed to connect to this MySQL server"
[http-listener-1(5)] 2015-06-07 13:25:13,736 - User - ERROR - 
[http-listener-1(5)] 2015-06-07 13:25:13,737 - saudisoftmt - ERROR - Database error please call admin
[http-listener-1(4)] 2015-06-07 13:27:44,136 - Database - ERROR - Communications link failure

The last packet sent successfully to the server was 0 milliseconds ago. The driver has not received any packets from the server.
[http-listener-1(4)] 2015-06-07 13:27:44,137 - User - ERROR - 
[http-listener-1(4)] 2015-06-07 13:27:44,137 - saudisoftmt - ERROR - Database error please call admin
[http-listener-1(2)] 2015-06-07 13:27:52,706 - Database - ERROR - Communications link failure

The last packet successfully received from the server was 0 milliseconds ago.  The last packet sent successfully to the server was 0 milliseconds ago.
[http-listener-1(2)] 2015-06-07 13:27:52,707 - User - ERROR - 
[http-listener-1(2)] 2015-06-07 13:27:52,707 - saudisoftmt - ERROR - Database error please call admin
[http-listener-1(1)] 2015-06-07 13:28:17,169 - SSMT.MosesServer - ERROR - Cannot run program "/home/SMT/TokenizeText.sh": CreateProcess error=2, The system cannot find the file specified
[http-listener-1(1)] 2015-06-07 13:28:18,193 - SSMT.MosesServer - ERROR - Failed to read servers response: Connection refused: connect
[http-listener-1(1)] 2015-06-07 13:28:18,194 - SSMT.MosesServer - ERROR - Cannot run program "/home/SMT/DeTokenizeText.sh": CreateProcess error=2, The system cannot find the file specified
[http-listener-1(3)] 2015-06-07 13:28:18,196 - SSMT.MosesServer - ERROR - Cannot run program "/home/SMT/TokenizeText.sh": CreateProcess error=2, The system cannot find the file specified
[http-listener-1(3)] 2015-06-07 13:28:18,198 - SSMT.MosesServer - ERROR - Failed to read servers response: connect: Address is invalid on local machine, or port is not valid on remote machine
[http-listener-1(3)] 2015-06-07 13:28:18,199 - SSMT.MosesServer - ERROR - Cannot run program "/home/SMT/DeTokenizeText.sh": CreateProcess error=2, The system cannot find the file specified
[http-listener-1(5)] 2015-06-07 13:28:18,202 - SSMT.MosesServer - ERROR - Cannot run program "/home/SMT/TokenizeText.sh": CreateProcess error=2, The system cannot find the file specified
[http-listener-1(5)] 2015-06-07 13:28:19,208 - SSMT.MosesServer - ERROR - Failed to read servers response: Connection refused: connect
[http-listener-1(5)] 2015-06-07 13:28:19,209 - SSMT.MosesServer - ERROR - Cannot run program "/home/SMT/DeTokenizeText.sh": CreateProcess error=2, The system cannot find the file specified
[http-listener-1(2)] 2015-06-07 13:28:19,210 - SSMT.MosesServer - ERROR - Cannot run program "/home/SMT/TokenizeText.sh": CreateProcess error=2, The system cannot find the file specified
[http-listener-1(2)] 2015-06-07 13:28:20,219 - SSMT.MosesServer - ERROR - Failed to read servers response: Connection refused: connect
[http-listener-1(2)] 2015-06-07 13:28:20,220 - SSMT.MosesServer - ERROR - Cannot run program "/home/SMT/DeTokenizeText.sh": CreateProcess error=2, The system cannot find the file specified
[http-listener-1(4)] 2015-06-07 13:28:20,221 - SSMT.MosesServer - ERROR - Cannot run program "/home/SMT/TokenizeText.sh": CreateProcess error=2, The system cannot find the file specified
[http-listener-1(4)] 2015-06-07 13:28:21,228 - SSMT.MosesServer - ERROR - Failed to read servers response: Connection refused: connect
[http-listener-1(4)] 2015-06-07 13:28:21,229 - SSMT.MosesServer - ERROR - Cannot run program "/home/SMT/DeTokenizeText.sh": CreateProcess error=2, The system cannot find the file specified
[http-listener-1(3)] 2015-06-07 13:28:21,230 - SSMT.MosesServer - ERROR - Cannot run program "/home/SMT/TokenizeText.sh": CreateProcess error=2, The system cannot find the file specified
[http-listener-1(3)] 2015-06-07 13:28:22,239 - SSMT.MosesServer - ERROR - Failed to read servers response: Connection refused: connect
[http-listener-1(3)] 2015-06-07 13:28:22,240 - SSMT.MosesServer - ERROR - Cannot run program "/home/SMT/DeTokenizeText.sh": CreateProcess error=2, The system cannot find the file specified
[http-listener-1(3)] 2015-06-07 13:28:22,241 - SSMT.MosesServer - ERROR - Cannot run program "/home/SMT/DeTokenizeText.sh": CreateProcess error=2, The system cannot find the file specified
[http-listener-1(3)] 2015-06-07 13:28:22,243 - SSMT.MosesServer - ERROR - Cannot run program "/home/SMT/TokenizeText.sh": CreateProcess error=2, The system cannot find the file specified
[http-listener-1(3)] 2015-06-07 13:28:23,250 - SSMT.MosesServer - ERROR - Failed to read servers response: Connection refused: connect
[http-listener-1(3)] 2015-06-07 13:28:23,251 - SSMT.MosesServer - ERROR - Cannot run program "/home/SMT/DeTokenizeText.sh": CreateProcess error=2, The system cannot find the file specified
[http-listener-1(3)] 2015-06-07 13:28:23,253 - SSMT.MosesServer - ERROR - Cannot run program "/home/SMT/TokenizeText.sh": CreateProcess error=2, The system cannot find the file specified
[http-listener-1(3)] 2015-06-07 13:28:24,270 - SSMT.MosesServer - ERROR - Failed to read servers response: Connection refused: connect
[http-listener-1(3)] 2015-06-07 13:28:24,271 - SSMT.MosesServer - ERROR - Cannot run program "/home/SMT/DeTokenizeText.sh": CreateProcess error=2, The system cannot find the file specified
[http-listener-1(3)] 2015-06-07 13:28:24,273 - SSMT.MosesServer - ERROR - Cannot run program "/home/SMT/TokenizeText.sh": CreateProcess error=2, The system cannot find the file specified
[http-listener-1(3)] 2015-06-07 13:28:25,281 - SSMT.MosesServer - ERROR - Failed to read servers response: Connection refused: connect
[http-listener-1(3)] 2015-06-07 13:28:25,282 - SSMT.MosesServer - ERROR - Cannot run program "/home/SMT/DeTokenizeText.sh": CreateProcess error=2, The system cannot find the file specified
[http-listener-1(3)] 2015-06-07 13:28:25,285 - SSMT.MosesServer - ERROR - Cannot run program "/home/SMT/TokenizeText.sh": CreateProcess error=2, The system cannot find the file specified
[http-listener-1(3)] 2015-06-07 13:28:26,287 - SSMT.MosesServer - ERROR - Failed to read servers response: Connection refused: connect
[http-listener-1(3)] 2015-06-07 13:28:26,288 - SSMT.MosesServer - ERROR - Cannot run program "/home/SMT/DeTokenizeText.sh": CreateProcess error=2, The system cannot find the file specified
[http-listener-1(5)] 2015-06-07 13:28:38,498 - SSMT.MosesServer - ERROR - Cannot run program "/home/SMT/TokenizeText.sh": CreateProcess error=2, The system cannot find the file specified
[http-listener-1(5)] 2015-06-07 13:28:39,500 - SSMT.MosesServer - ERROR - Failed to read servers response: Connection refused: connect
[http-listener-1(5)] 2015-06-07 13:28:39,501 - SSMT.MosesServer - ERROR - Cannot run program "/home/SMT/DeTokenizeText.sh": CreateProcess error=2, The system cannot find the file specified
[http-listener-1(3)] 2015-06-07 13:29:05,896 - Database - ERROR - Communications link failure

The last packet successfully received from the server was 26,339 milliseconds ago.  The last packet sent successfully to the server was 21,354 milliseconds ago.
[http-listener-1(3)] 2015-06-07 13:29:05,897 - Domain - ERROR - 
[http-listener-1(5)] 2015-06-07 13:29:05,898 - Database - ERROR - No operations allowed after statement closed.
[http-listener-1(4)] 2015-06-07 13:29:05,900 - Database - ERROR - No operations allowed after statement closed.
[http-listener-1(4)] 2015-06-07 13:29:05,900 - Domain - ERROR - 
[http-listener-1(2)] 2015-06-07 13:29:08,606 - Database - ERROR - No operations allowed after connection closed.
[http-listener-1(2)] 2015-06-07 13:29:08,606 - Domain - ERROR - 
[http-listener-1(3)] 2015-06-07 13:29:08,609 - Database - ERROR - No operations allowed after connection closed.
[http-listener-1(4)] 2015-06-07 13:29:08,615 - Database - ERROR - No operations allowed after connection closed.
[http-listener-1(4)] 2015-06-07 13:29:08,615 - Domain - ERROR - 
[http-listener-1(5)] 2015-06-07 13:29:08,619 - Database - ERROR - No operations allowed after connection closed.
[http-listener-1(1)] 2015-06-07 13:29:08,657 - Database - ERROR - No operations allowed after connection closed.
[http-listener-1(3)] 2015-06-07 13:29:15,990 - Database - ERROR - No operations allowed after connection closed.
[http-listener-1(3)] 2015-06-07 13:29:15,991 - DBLogger - ERROR - some error occured please call admin
[http-listener-1(2)] 2015-06-07 13:29:33,753 - Database - ERROR - Communications link failure

The last packet successfully received from the server was 0 milliseconds ago.  The last packet sent successfully to the server was 0 milliseconds ago.
[http-listener-1(2)] 2015-06-07 13:29:33,753 - User - ERROR - 
[http-listener-1(2)] 2015-06-07 13:29:33,754 - saudisoftmt - ERROR - Database error please call admin
[http-listener-1(3)] 2015-06-07 13:32:21,510 - Database - ERROR - Communications link failure

The last packet successfully received from the server was 135,048 milliseconds ago.  The last packet sent successfully to the server was 18,900 milliseconds ago.
[http-listener-1(3)] 2015-06-07 13:32:21,511 - SSMT.Domains.DomainsStatus - ERROR - 
[http-listener-1(4)] 2015-06-07 13:32:24,213 - Database - ERROR - No operations allowed after connection closed.
[http-listener-1(1)] 2015-06-07 13:32:24,214 - Database - ERROR - No operations allowed after connection closed.
[http-listener-1(1)] 2015-06-07 13:32:24,216 - SSMT.Domains.StartDomain - ERROR - 
[http-listener-1(4)] 2015-06-07 13:32:24,214 - SSMT.Domains.DomainsStatus - ERROR - 
[http-listener-1(5)] 2015-06-07 13:32:24,230 - Database - ERROR - No operations allowed after connection closed.
[http-listener-1(5)] 2015-06-07 13:32:24,230 - SSMT.Domains.DomainsStatus - ERROR - 
[http-listener-1(2)] 2015-06-07 13:32:37,788 - Database - ERROR - No operations allowed after connection closed.
[http-listener-1(3)] 2015-06-07 13:32:37,789 - Database - ERROR - No operations allowed after connection closed.
[http-listener-1(3)] 2015-06-07 13:32:37,791 - SSMT.Domains.DomainsStatus - ERROR - 
[http-listener-1(2)] 2015-06-07 13:32:37,789 - SSMT.Domains.StartDomain - ERROR - 
[http-listener-1(1)] 2015-06-07 13:32:37,806 - Database - ERROR - No operations allowed after connection closed.
[http-listener-1(1)] 2015-06-07 13:32:37,807 - SSMT.Domains.DomainsStatus - ERROR - 
[http-listener-1(4)] 2015-06-07 13:32:46,573 - Database - ERROR - No operations allowed after connection closed.
[http-listener-1(4)] 2015-06-07 13:32:46,574 - SSMT.Domains.StartDomain - ERROR - 
[http-listener-1(5)] 2015-06-07 13:32:46,574 - Database - ERROR - No operations allowed after connection closed.
[http-listener-1(5)] 2015-06-07 13:32:46,575 - SSMT.Domains.DomainsStatus - ERROR - 
[http-listener-1(3)] 2015-06-07 13:32:46,585 - Database - ERROR - No operations allowed after connection closed.
[http-listener-1(3)] 2015-06-07 13:32:46,586 - SSMT.Domains.DomainsStatus - ERROR - 
[http-listener-1(2)] 2015-06-07 13:32:58,990 - Database - ERROR - No operations allowed after connection closed.
[http-listener-1(2)] 2015-06-07 13:32:58,991 - SSMT.Domains.StartDomain - ERROR - 
[http-listener-1(1)] 2015-06-07 13:32:58,992 - Database - ERROR - No operations allowed after connection closed.
[http-listener-1(1)] 2015-06-07 13:32:58,992 - SSMT.Domains.DomainsStatus - ERROR - 
[http-listener-1(4)] 2015-06-07 13:32:59,005 - Database - ERROR - No operations allowed after connection closed.
[http-listener-1(4)] 2015-06-07 13:32:59,006 - SSMT.Domains.DomainsStatus - ERROR - 
[http-listener-1(5)] 2015-06-07 13:33:40,753 - Database - ERROR - No operations allowed after connection closed.
[http-listener-1(3)] 2015-06-07 13:33:40,754 - Database - ERROR - No operations allowed after connection closed.
[http-listener-1(3)] 2015-06-07 13:33:40,755 - SSMT.Domains.DomainsStatus - ERROR - 
[http-listener-1(5)] 2015-06-07 13:33:40,755 - SSMT.Domains.StartDomain - ERROR - 
[http-listener-1(2)] 2015-06-07 13:33:40,765 - Database - ERROR - No operations allowed after connection closed.
[http-listener-1(2)] 2015-06-07 13:33:40,766 - SSMT.Domains.DomainsStatus - ERROR - 
[http-listener-1(1)] 2015-06-07 13:38:42,896 - Database - ERROR - No operations allowed after connection closed.
[http-listener-1(4)] 2015-06-07 13:38:42,897 - Database - ERROR - No operations allowed after connection closed.
[http-listener-1(4)] 2015-06-07 13:38:42,897 - SSMT.Domains.DomainsStatus - ERROR - 
[http-listener-1(1)] 2015-06-07 13:38:42,897 - SSMT.Domains.StartDomain - ERROR - 
[http-listener-1(3)] 2015-06-07 13:38:42,910 - Database - ERROR - No operations allowed after connection closed.
[http-listener-1(3)] 2015-06-07 13:38:42,911 - SSMT.Domains.DomainsStatus - ERROR - 
[http-listener-1(5)] 2015-06-07 13:38:44,046 - Database - ERROR - No operations allowed after connection closed.
[http-listener-1(5)] 2015-06-07 13:38:44,047 - SSMT.Domains.StartDomain - ERROR - 
[http-listener-1(2)] 2015-06-07 13:38:44,048 - Database - ERROR - No operations allowed after connection closed.
[http-listener-1(2)] 2015-06-07 13:38:44,050 - SSMT.Domains.DomainsStatus - ERROR - 
[http-listener-1(4)] 2015-06-07 13:38:44,060 - Database - ERROR - No operations allowed after connection closed.
[http-listener-1(4)] 2015-06-07 13:38:44,062 - SSMT.Domains.DomainsStatus - ERROR - 
[http-listener-1(3)] 2015-06-07 13:38:45,260 - Database - ERROR - No operations allowed after connection closed.
[http-listener-1(3)] 2015-06-07 13:38:45,260 - Domain - ERROR - 
[http-listener-1(5)] 2015-06-07 13:38:45,266 - Database - ERROR - No operations allowed after connection closed.
[http-listener-1(2)] 2015-06-07 13:38:45,278 - Database - ERROR - No operations allowed after connection closed.
[http-listener-1(2)] 2015-06-07 13:38:45,279 - Domain - ERROR - 
[http-listener-1(4)] 2015-06-07 13:38:45,292 - Database - ERROR - No operations allowed after connection closed.
[http-listener-1(1)] 2015-06-07 13:38:45,345 - Database - ERROR - No operations allowed after connection closed.
[http-listener-1(1)] 2015-06-07 13:38:48,242 - Database - ERROR - No operations allowed after connection closed.
[http-listener-1(1)] 2015-06-07 13:38:48,243 - Domain - ERROR - 
[http-listener-1(2)] 2015-06-07 13:38:48,245 - Database - ERROR - No operations allowed after connection closed.
[http-listener-1(2)] 2015-06-07 13:38:48,247 - Domain - ERROR - 
[http-listener-1(5)] 2015-06-07 13:38:48,280 - Database - ERROR - No operations allowed after connection closed.
[http-listener-1(2)] 2015-06-07 13:41:36,410 - Database - ERROR - No operations allowed after connection closed.
[http-listener-1(2)] 2015-06-07 13:41:36,411 - Domain - ERROR - 
[http-listener-1(4)] 2015-06-07 13:41:36,410 - Database - ERROR - No operations allowed after connection closed.
[http-listener-1(4)] 2015-06-07 13:41:36,414 - Domain - ERROR - 
[http-listener-1(3)] 2015-06-07 13:41:36,462 - Database - ERROR - No operations allowed after connection closed.
[http-listener-1(1)] 2015-06-07 13:41:39,052 - Database - ERROR - No operations allowed after connection closed.
[http-listener-1(1)] 2015-06-07 13:41:39,053 - DBLogger - ERROR - some error occured please call admin
[http-listener-1(3)] 2015-06-07 13:42:09,964 - Database - ERROR - Communications link failure

The last packet successfully received from the server was 1 milliseconds ago.  The last packet sent successfully to the server was 0 milliseconds ago.
[http-listener-1(3)] 2015-06-07 13:42:09,965 - User - ERROR - 
[http-listener-1(3)] 2015-06-07 13:42:09,966 - saudisoftmt - ERROR - Database error please call admin
[http-listener-1(2)] 2015-06-07 13:43:42,437 - Database - ERROR - Communications link failure

The last packet sent successfully to the server was 0 milliseconds ago. The driver has not received any packets from the server.
[http-listener-1(2)] 2015-06-07 13:43:42,438 - User - ERROR - 
[http-listener-1(2)] 2015-06-07 13:43:42,438 - saudisoftmt - ERROR - Database error please call admin
